Flow report for melodychime_top
Sun Mar 15 02:28:47 2015
Quartus II 64-Bit Version 13.1.0 Build 162 10/23/2013 SJ Web Edition


---------------------
; Table of Contents ;
---------------------
  1. Legal Notice
  2. Flow Summary
  3. Flow Settings
  4. Flow Non-Default Global Settings
  5. Flow Elapsed Time
  6. Flow OS Summary
  7. Flow Log
  8. Flow Messages
  9. Flow Suppressed Messages



----------------
; Legal Notice ;
----------------
Copyright (C) 1991-2013 Altera Corporation
Your use of Altera Corporation's design tools, logic functions 
and other software and tools, and its AMPP partner logic 
functions, and any output files from any of the foregoing 
(including device programming or simulation files), and any 
associated documentation or information are expressly subject 
to the terms and conditions of the Altera Program License 
Subscription Agreement, Altera MegaCore Function License 
Agreement, or other applicable license agreement, including, 
without limitation, that your use is for the sole purpose of 
programming logic devices manufactured by Altera and sold by 
Altera or its authorized distributors.  Please refer to the 
applicable agreement for further details.



+---------------------------------------------------------------------------------+
; Flow Summary                                                                    ;
+------------------------------------+--------------------------------------------+
; Flow Status                        ; Successful - Sun Mar 15 02:28:43 2015      ;
; Quartus II 64-Bit Version          ; 13.1.0 Build 162 10/23/2013 SJ Web Edition ;
; Revision Name                      ; melodychime_top                            ;
; Top-level Entity Name              ; melodychime_top                            ;
; Family                             ; Cyclone III                                ;
; Device                             ; EP3C16F484C6                               ;
; Timing Models                      ; Final                                      ;
; Total logic elements               ; 255 / 15,408 ( 2 % )                       ;
;     Total combinational functions  ; 245 / 15,408 ( 2 % )                       ;
;     Dedicated logic registers      ; 125 / 15,408 ( < 1 % )                     ;
; Total registers                    ; 125                                        ;
; Total pins                         ; 15 / 347 ( 4 % )                           ;
; Total virtual pins                 ; 0                                          ;
; Total memory bits                  ; 0 / 516,096 ( 0 % )                        ;
; Embedded Multiplier 9-bit elements ; 0 / 112 ( 0 % )                            ;
; Total PLLs                         ; 0 / 4 ( 0 % )                              ;
+------------------------------------+--------------------------------------------+


+-----------------------------------------+
; Flow Settings                           ;
+-------------------+---------------------+
; Option            ; Setting             ;
+-------------------+---------------------+
; Start date & time ; 03/15/2015 02:28:32 ;
; Main task         ; Compilation         ;
; Revision Name     ; melodychime_top     ;
+-------------------+---------------------+


+------------------------------------------------------------------------------------------------------------------+
; Flow Non-Default Global Settings                                                                                 ;
+-------------------------------------+---------------------------------+---------------+-------------+------------+
; Assignment Name                     ; Value                           ; Default Value ; Entity Name ; Section Id ;
+-------------------------------------+---------------------------------+---------------+-------------+------------+
; COMPILER_SIGNATURE_ID               ; 202818018146334.142635411105304 ; --            ; --          ; --         ;
; MAX_CORE_JUNCTION_TEMP              ; 85                              ; --            ; --          ; --         ;
; MIN_CORE_JUNCTION_TEMP              ; 0                               ; --            ; --          ; --         ;
; OUTPUT_IO_TIMING_FAR_END_VMEAS      ; Half Signal Swing               ; --            ; --          ; --         ;
; OUTPUT_IO_TIMING_FAR_END_VMEAS      ; Half Signal Swing               ; --            ; --          ; --         ;
; OUTPUT_IO_TIMING_NEAR_END_VMEAS     ; Half Vccio                      ; --            ; --          ; --         ;
; OUTPUT_IO_TIMING_NEAR_END_VMEAS     ; Half Vccio                      ; --            ; --          ; --         ;
; PARTITION_COLOR                     ; 16764057                        ; --            ; --          ; Top        ;
; PARTITION_FITTER_PRESERVATION_LEVEL ; PLACEMENT_AND_ROUTING           ; --            ; --          ; Top        ;
; PARTITION_NETLIST_TYPE              ; SOURCE                          ; --            ; --          ; Top        ;
; PROJECT_OUTPUT_DIRECTORY            ; output_files                    ; --            ; --          ; --         ;
+-------------------------------------+---------------------------------+---------------+-------------+------------+


+-------------------------------------------------------------------------------------------------------------------------------+
; Flow Elapsed Time                                                                                                             ;
+---------------------------+--------------+-------------------------+---------------------+------------------------------------+
; Module Name               ; Elapsed Time ; Average Processors Used ; Peak Virtual Memory ; Total CPU Time (on all processors) ;
+---------------------------+--------------+-------------------------+---------------------+------------------------------------+
; Analysis & Synthesis      ; 00:00:02     ; 1.0                     ; 552 MB              ; 00:00:02                           ;
; Fitter                    ; 00:00:06     ; 1.0                     ; 1130 MB             ; 00:00:07                           ;
; Assembler                 ; 00:00:01     ; 1.0                     ; 453 MB              ; 00:00:01                           ;
; TimeQuest Timing Analyzer ; 00:00:02     ; 1.0                     ; 541 MB              ; 00:00:02                           ;
; Total                     ; 00:00:11     ; --                      ; --                  ; 00:00:12                           ;
+---------------------------+--------------+-------------------------+---------------------+------------------------------------+


+----------------------------------------------------------------------------------------+
; Flow OS Summary                                                                        ;
+---------------------------+------------------+-----------+------------+----------------+
; Module Name               ; Machine Hostname ; OS Name   ; OS Version ; Processor type ;
+---------------------------+------------------+-----------+------------+----------------+
; Analysis & Synthesis      ; BRUENNHILDE      ; Windows 7 ; 6.2        ; x86_64         ;
; Fitter                    ; BRUENNHILDE      ; Windows 7 ; 6.2        ; x86_64         ;
; Assembler                 ; BRUENNHILDE      ; Windows 7 ; 6.2        ; x86_64         ;
; TimeQuest Timing Analyzer ; BRUENNHILDE      ; Windows 7 ; 6.2        ; x86_64         ;
+---------------------------+------------------+-----------+------------+----------------+


------------
; Flow Log ;
------------
quartus_map --read_settings_files=on --write_settings_files=off melodychime_top -c melodychime_top
quartus_fit --read_settings_files=off --write_settings_files=off melodychime_top -c melodychime_top
quartus_asm --read_settings_files=off --write_settings_files=off melodychime_top -c melodychime_top
quartus_sta melodychime_top -c melodychime_top



